<?xml version='1.0' encoding='UTF-8'?>
<testsuite hostname="knoldus-Vostro-3559" name="edu.knoldus.TweetCountOperationsTest" tests="10" errors="0" failures="0" skipped="0" time="8.816">
                     <properties>
[...]
</properties>
                     <testcase classname="edu.knoldus.TweetCountOperationsTest" name="Testing Count for Hashtag Count for existing hashtag" time="2.236">
                                                 
                                               </testcase><testcase classname="edu.knoldus.TweetCountOperationsTest" name="Testing Count for Hashtag Count for non-existing hashtag" time="1.223">
                                                 
                                               </testcase><testcase classname="edu.knoldus.TweetCountOperationsTest" name="Testing average tweet for the valid user" time="0.998">
                                                 
                                               </testcase><testcase classname="edu.knoldus.TweetCountOperationsTest" name="Testing average tweet for the invalid user" time="0.501">
                                                 
                                               </testcase><testcase classname="edu.knoldus.TweetCountOperationsTest" name="Testing Tweet Count for valid user" time="0.515">
                                                 
                                               </testcase><testcase classname="edu.knoldus.TweetCountOperationsTest" name="Tesing tweet count for invalid user" time="0.444">
                                                 
                                               </testcase><testcase classname="edu.knoldus.TweetCountOperationsTest" name="Testing average ReTweet for valid user" time="0.572">
                                                 
                                               </testcase><testcase classname="edu.knoldus.TweetCountOperationsTest" name="Tesing average Retweet for invalid user" time="0.412">
                                                 
                                               </testcase><testcase classname="edu.knoldus.TweetCountOperationsTest" name="Testing average likes for the tweet for valid user" time="1.509">
                                                 
                                               </testcase><testcase classname="edu.knoldus.TweetCountOperationsTest" name="Tesing average likes for the tweet for invalid user" time="0.406">
                                                 
                                               </testcase>
                     <system-out></system-out>
                     <system-err></system-err>
                   </testsuite>